<?xml version="1.0" encoding="UTF-8"?>
<!-- Generated by org.testng.reporters.JUnitReportReporter -->
<testsuite hostname="LAPTOP-3MCIK2FB" failures="0" tests="1" name="testPackage.DivisionTest" time="73.540" errors="0" timestamp="2023-04-15T15:18:35 IST" skipped="0">
  <testcase classname="testPackage.DivisionTest" name="testMultiplication" time="73.540"/>
  <system-out/>
</testsuite> <!-- testPackage.DivisionTest -->
