<?xml version="1.0" encoding="UTF-8"?>
<!-- Generated by org.testng.reporters.JUnitReportReporter -->
<testsuite hostname="LAPTOP-3MCIK2FB" failures="0" tests="1" name="testPackage.SubtractionTest" time="54.267" errors="0" timestamp="2023-04-15T15:18:36 IST" skipped="0">
  <testcase classname="testPackage.SubtractionTest" name="testMultiplication" time="54.267"/>
  <system-out/>
</testsuite> <!-- testPackage.SubtractionTest -->
